<?xml version="1.0" encoding="UTF-8"?>
<!-- Generated by org.testng.reporters.JUnitXMLReporter -->
<testsuite hostname="LAPTOP-BUM46IKV" ignored="0" name="Default test" tests="3" failures="1" timestamp="2022-08-24T00:00:28 ICT" time="0.723" errors="0">
  <testcase name="runScenario" time="0.188" classname="io.cucumber.testng.AbstractTestNGCucumberTests"/>
  <testcase name="runScenario" time="0.021" classname="io.cucumber.testng.AbstractTestNGCucumberTests">
    <failure type="java.lang.AssertionError" message="expected [idnar] but found [randi]">
      <![CDATA[java.lang.AssertionError: expected [idnar] but found [randi]
at org.testng.Assert.fail(Assert.java:97)
at org.testng.Assert.assertEqualsImpl(Assert.java:136)
at org.testng.Assert.assertEquals(Assert.java:118)
at org.testng.Assert.assertEquals(Assert.java:575)
at org.testng.Assert.assertEquals(Assert.java:585)
at com.stepdef.PalindromeTest.the_result_is(PalindromeTest.java:38)
at ✽.the result is "false"(file:///C:/Users/Ben/eclipse-workspace/Palindrome/src/test/resources/Features/Palindrome.feature:7)
]]>
    </failure>
  </testcase> <!-- runScenario -->
  <testcase name="runScenario" time="0.015" classname="io.cucumber.testng.AbstractTestNGCucumberTests"/>
</testsuite> <!-- Default test -->
