<?xml version="1.0" encoding="UTF-8"?>
<testng-results skipped="0" failed="0" ignored="0" total="3" passed="3">
  <reporter-output>
  </reporter-output>
  <suite name="Suite" duration-ms="750" started-at="2022-08-23T23:26:50 ICT" finished-at="2022-08-23T23:26:51 ICT">
    <groups>
      <group name="cucumber">
        <method signature="AbstractTestNGCucumberTests.runScenario(io.cucumber.testng.PickleWrapper, io.cucumber.testng.FeatureWrapper)[pri:0, instance:com.runnerfiles.RunnerFile@5c7fa833]" name="runScenario" class="io.cucumber.testng.AbstractTestNGCucumberTests"/>
      </group> <!-- cucumber -->
    </groups>
    <test name="Test" duration-ms="750" started-at="2022-08-23T23:26:50 ICT" finished-at="2022-08-23T23:26:51 ICT">
      <class name="com.runnerfiles.RunnerFile">
        <test-method status="PASS" signature="setUpClass()[pri:0, instance:com.runnerfiles.RunnerFile@5c7fa833]" name="setUpClass" is-config="true" duration-ms="451" started-at="2022-08-23T23:26:50 ICT" finished-at="2022-08-23T23:26:50 ICT">
          <reporter-output>
          </reporter-output>
        </test-method> <!-- setUpClass -->
        <test-method status="PASS" signature="runScenario(io.cucumber.testng.PickleWrapper, io.cucumber.testng.FeatureWrapper)[pri:0, instance:com.runnerfiles.RunnerFile@5c7fa833]" name="runScenario" duration-ms="217" started-at="2022-08-23T23:26:50 ICT" description="Runs Cucumber Scenarios" data-provider="scenarios" finished-at="2022-08-23T23:26:51 ICT">
          <params>
            <param index="0">
              <value>
                <![CDATA["Check text is palindrome"]]>
              </value>
            </param>
            <param index="1">
              <value>
                <![CDATA["Palindrome Test"]]>
              </value>
            </param>
          </params>
          <reporter-output>
          </reporter-output>
        </test-method> <!-- runScenario -->
        <test-method status="PASS" signature="runScenario(io.cucumber.testng.PickleWrapper, io.cucumber.testng.FeatureWrapper)[pri:0, instance:com.runnerfiles.RunnerFile@5c7fa833]" name="runScenario" duration-ms="3" started-at="2022-08-23T23:26:51 ICT" description="Runs Cucumber Scenarios" data-provider="scenarios" finished-at="2022-08-23T23:26:51 ICT">
          <params>
            <param index="0">
              <value>
                <![CDATA["Check text is palindrome"]]>
              </value>
            </param>
            <param index="1">
              <value>
                <![CDATA["Palindrome Test"]]>
              </value>
            </param>
          </params>
          <reporter-output>
          </reporter-output>
        </test-method> <!-- runScenario -->
        <test-method status="PASS" signature="runScenario(io.cucumber.testng.PickleWrapper, io.cucumber.testng.FeatureWrapper)[pri:0, instance:com.runnerfiles.RunnerFile@5c7fa833]" name="runScenario" duration-ms="2" started-at="2022-08-23T23:26:51 ICT" description="Runs Cucumber Scenarios" data-provider="scenarios" finished-at="2022-08-23T23:26:51 ICT">
          <params>
            <param index="0">
              <value>
                <![CDATA["Check text is palindrome"]]>
              </value>
            </param>
            <param index="1">
              <value>
                <![CDATA["Palindrome Test"]]>
              </value>
            </param>
          </params>
          <reporter-output>
          </reporter-output>
        </test-method> <!-- runScenario -->
        <test-method status="PASS" signature="tearDownClass()[pri:0, instance:com.runnerfiles.RunnerFile@5c7fa833]" name="tearDownClass" is-config="true" duration-ms="2" started-at="2022-08-23T23:26:51 ICT" finished-at="2022-08-23T23:26:51 ICT">
          <reporter-output>
          </reporter-output>
        </test-method> <!-- tearDownClass -->
      </class> <!-- com.runnerfiles.RunnerFile -->
    </test> <!-- Test -->
  </suite> <!-- Suite -->
</testng-results>
