<?xml version="1.0" encoding="UTF-8"?>
<!-- Generated by org.testng.reporters.JUnitReportReporter -->
<testsuite skipped="0" hostname="LAPTOP-BUM46IKV" name="com.runnerfiles.RunnerFile" tests="3" failures="1" timestamp="2022-08-24T00:00:28 ICT" time="0.224" errors="0">
  <testcase name="runScenario" time="0.015" classname="com.runnerfiles.RunnerFile"/>
  <system-out/>
  <testcase name="runScenario" time="0.021" classname="com.runnerfiles.RunnerFile">
    <failure type="java.lang.AssertionError" message="expected [idnar] but found [randi]">
      <![CDATA[java.lang.AssertionError: expected [idnar] but found [randi]
at org.testng.Assert.fail(Assert.java:97)
at org.testng.Assert.assertEqualsImpl(Assert.java:136)
at org.testng.Assert.assertEquals(Assert.java:118)
at org.testng.Assert.assertEquals(Assert.java:575)
at org.testng.Assert.assertEquals(Assert.java:585)
at com.stepdef.PalindromeTest.the_result_is(PalindromeTest.java:38)
at ✽.the result is "false"(file:///C:/Users/Ben/eclipse-workspace/Palindrome/src/test/resources/Features/Palindrome.feature:7)
]]>
    </failure>
  </testcase> <!-- runScenario -->
  <system-out/>
  <testcase name="runScenario" time="0.188" classname="com.runnerfiles.RunnerFile"/>
  <system-out/>
</testsuite> <!-- com.runnerfiles.RunnerFile -->
